
> site@0.1.0 predev
> prisma generate


✔ Generated Prisma Client (7.8.0) to .\prisma\generated\prisma in 227ms


> site@0.1.0 dev
> next dev --webpack

▲ Next.js 16.2.4 (webpack)
- Local:         http://localhost:3001
- Network:       http://192.168.0.14:3001
- Environments: .env
✓ Ready in 10.3s

○ Compiling / ...
 GET / 200 in 15.5s (next.js: 13.0s, application-code: 2.5s)
 GET / 200 in 176ms (next.js: 9ms, application-code: 167ms)
 GET /loja 200 in 2.6s (next.js: 2.5s, application-code: 105ms)
 GET /loja 200 in 527ms (next.js: 82ms, application-code: 445ms)
 GET /conta 200 in 1312ms (next.js: 1212ms, application-code: 100ms)
 GET /api/me 200 in 2.6s (next.js: 2.6s, application-code: 64ms)
 GET /conta 200 in 458ms (next.js: 116ms, application-code: 342ms)
 GET /api/me 200 in 39ms (next.js: 5ms, application-code: 34ms)
 GET /produtos 200 in 1680ms (next.js: 1569ms, application-code: 112ms)
 GET /produtos 200 in 124ms (next.js: 12ms, application-code: 112ms)
 GET /api/categories 200 in 943ms (next.js: 897ms, application-code: 46ms)
 GET /api/categories 200 in 990ms (next.js: 943ms, application-code: 47ms)
 GET /api/products?category=capacetes 200 in 911ms (next.js: 894ms, application-code: 17ms)
 GET /produtos 200 in 1538ms (next.js: 400ms, application-code: 1138ms)
 GET /api/categories 200 in 13ms (next.js: 7ms, application-code: 6ms)
 GET /api/products?category=capacetes 200 in 8ms (next.js: 3ms, application-code: 4ms)
 GET /produtos 200 in 609ms (next.js: 384ms, application-code: 225ms)
 GET /produtos 200 in 55ms (next.js: 6ms, application-code: 50ms)
 GET /api/products?category=acessorios 200 in 22ms (next.js: 6ms, application-code: 16ms)
 GET /api/products?category=pecas 200 in 13ms (next.js: 3ms, application-code: 10ms)
 GET /api/products?category=oleos-e-lubrificantes 200 in 15ms (next.js: 4ms, application-code: 12ms)
 GET /api/products?category=pneus 200 in 15ms (next.js: 3ms, application-code: 12ms)
 GET /api/products?category=oleos-e-lubrificantes 200 in 9ms (next.js: 3ms, application-code: 6ms)
 GET /api/products?category=pneus 200 in 12ms (next.js: 4ms, application-code: 9ms)
 GET /api/products?category=capacetes 200 in 10ms (next.js: 3ms, application-code: 7ms)
 GET /produtos 200 in 1570ms (next.js: 5ms, application-code: 1565ms)
 GET /produtos 200 in 644ms (next.js: 5ms, application-code: 639ms)
 GET /api/categories 200 in 106ms (next.js: 91ms, application-code: 15ms)
 GET /api/products?category=capacetes 200 in 84ms (next.js: 27ms, application-code: 58ms)
 GET / 200 in 2.2s (next.js: 1153ms, application-code: 1008ms)
 GET / 200 in 1581ms (next.js: 40ms, application-code: 1541ms)
 GET / 200 in 1388ms (next.js: 1105ms, application-code: 283ms)
 GET / 200 in 232ms (next.js: 10ms, application-code: 222ms)
 GET / 200 in 83ms (next.js: 5ms, application-code: 78ms)
 GET / 200 in 124ms (next.js: 5ms, application-code: 119ms)
 GET / 200 in 118ms (next.js: 10ms, application-code: 108ms)
 GET / 200 in 91ms (next.js: 4ms, application-code: 87ms)
 GET / 200 in 207ms (next.js: 5ms, application-code: 202ms)
 GET / 200 in 162ms (next.js: 4ms, application-code: 158ms)
 GET / 200 in 627ms (next.js: 3ms, application-code: 623ms)
 GET /loja 200 in 73ms (next.js: 17ms, application-code: 56ms)
 GET /loja 200 in 85ms (next.js: 3ms, application-code: 82ms)
 GET /loja 200 in 476ms (next.js: 307ms, application-code: 168ms)
 GET /produtos 404 in 2.9s (next.js: 2.7s, application-code: 239ms)
 GET /produtos 404 in 426ms (next.js: 5ms, application-code: 420ms)
 GET /produtos 404 in 12ms (next.js: 4ms, application-code: 8ms)
 GET /produtos 404 in 94ms (next.js: 4ms, application-code: 89ms)
 GET /loja 200 in 50ms (next.js: 12ms, application-code: 38ms)
 GET /conta 200 in 468ms (next.js: 413ms, application-code: 54ms)
 GET /api/me 200 in 2.0s (next.js: 1884ms, application-code: 117ms)
 GET /conta 200 in 303ms (next.js: 138ms, application-code: 166ms)
 GET /api/me 200 in 22ms (next.js: 8ms, application-code: 14ms)
 GET /conta 200 in 289ms (next.js: 6ms, application-code: 283ms)
 GET /conta 200 in 515ms (next.js: 352ms, application-code: 163ms)
 GET /conta 200 in 157ms (next.js: 5ms, application-code: 152ms)
 GET /conta 200 in 442ms (next.js: 238ms, application-code: 204ms)
 GET /conta 200 in 301ms (next.js: 164ms, application-code: 136ms)
 GET /conta 200 in 139ms (next.js: 4ms, application-code: 135ms)
 GET /conta 200 in 382ms (next.js: 117ms, application-code: 265ms)
 GET /conta 200 in 215ms (next.js: 5ms, application-code: 211ms)
 GET /conta 200 in 245ms (next.js: 126ms, application-code: 119ms)
 GET /conta 200 in 238ms (next.js: 126ms, application-code: 112ms)
 GET /conta 200 in 306ms (next.js: 225ms, application-code: 81ms)
 GET /api/me 200 in 692ms (next.js: 681ms, application-code: 10ms)
 GET /conta 200 in 387ms (next.js: 200ms, application-code: 187ms)
 GET /api/me 200 in 45ms (next.js: 34ms, application-code: 12ms)
○ Compiling /_error ...
 GET /conta 500 in 18.8s (next.js: 17.0s, application-code: 1809ms)
 GET /conta 500 in 1252ms (next.js: 1222ms, application-code: 30ms)
 GET /conta 500 in 1268ms (next.js: 1238ms, application-code: 30ms)
 GET /conta 500 in 132ms (next.js: 8ms, application-code: 125ms)
 GET /conta 200 in 1313ms (next.js: 809ms, application-code: 504ms)
 GET /conta 200 in 78ms (next.js: 3ms, application-code: 75ms)
 GET /api/me 200 in 41ms (next.js: 34ms, application-code: 7ms)
 GET /conta 200 in 458ms (next.js: 221ms, application-code: 237ms)
 GET /conta 200 in 202ms (next.js: 96ms, application-code: 106ms)
 GET /conta 200 in 569ms (next.js: 6ms, application-code: 563ms)
 GET /conta 200 in 681ms (next.js: 500ms, application-code: 181ms)
 GET /conta 200 in 186ms (next.js: 4ms, application-code: 181ms)
 GET /conta 200 in 451ms (next.js: 269ms, application-code: 181ms)
 POST /api/auth/register 503 in 3.0s (next.js: 2.9s, application-code: 82ms)
 GET /conta 200 in 286ms (next.js: 179ms, application-code: 106ms)
 GET /produtos 200 in 4.9s (next.js: 1864ms, application-code: 3.0s)
 GET /produtos 200 in 76ms (next.js: 3ms, application-code: 73ms)
 GET /conta 200 in 61ms (next.js: 11ms, application-code: 49ms)
 GET /api/placeholder?title=Capacete+aberto&subtitle=Viseira+cristal&price=R%24+179%2C90 200 in 1053ms (next.js: 905ms, application-code: 148ms)
 GET /api/placeholder?title=Capacete+fechado&subtitle=Preto+fosco&price=R%24+219%2C90 200 in 1074ms (next.js: 926ms, application-code: 148ms)
 GET /conta 200 in 156ms (next.js: 97ms, application-code: 59ms)
 GET /api/me 200 in 615ms (next.js: 606ms, application-code: 9ms)
 GET /conta 200 in 81ms (next.js: 33ms, application-code: 48ms)
 GET /produtos 200 in 118ms (next.js: 30ms, application-code: 88ms)
 GET /produtos 200 in 315ms (next.js: 9ms, application-code: 306ms)
 GET /produtos 200 in 408ms (next.js: 131ms, application-code: 277ms)
 GET /produtos 200 in 279ms (next.js: 116ms, application-code: 163ms)
 GET /produtos 200 in 127ms (next.js: 5ms, application-code: 122ms)
 GET /produtos?category=acessorios 200 in 62ms (next.js: 3ms, application-code: 59ms)
 GET /api/placeholder?title=Viseira+fum%C3%AA&subtitle=Acess%C3%B3rio+de+capacete&price=R%24+69%2C90 200 in 11ms (next.js: 5ms, application-code: 6ms)
 GET /api/placeholder?title=Luva+motociclista&subtitle=Prote%C3%A7%C3%A3o+e+conforto&price=R%24+89%2C90 200 in 7ms (next.js: 3ms, application-code: 4ms)
 GET /api/placeholder?title=Suporte+celular&subtitle=Guid%C3%A3o&price=R%24+79%2C90 200 in 7ms (next.js: 1888µs, application-code: 5ms)
 GET /produtos?category=pecas 200 in 30ms (next.js: 3ms, application-code: 26ms)
 GET /api/placeholder?title=Cabo+de+embreagem&subtitle=Verificar+modelo&price=R%24+49%2C90 200 in 7ms (next.js: 1871µs, application-code: 5ms)
 GET /api/placeholder?title=Pastilha+de+freio&subtitle=Dianteira&price=R%24+69%2C90 200 in 6ms (next.js: 3ms, application-code: 4ms)
 GET /api/placeholder?title=Vela+de+igni%C3%A7%C3%A3o&subtitle=Consultar+aplica%C3%A7%C3%A3o&price=R%24+29%2C90 200 in 7ms (next.js: 1742µs, application-code: 6ms)
 GET /produtos?category=oleos-e-lubrificantes 200 in 28ms (next.js: 2ms, application-code: 25ms)
 GET /api/placeholder?title=%C3%93leo+10W40&subtitle=Motor&price=R%24+42%2C90 200 in 5ms (next.js: 2ms, application-code: 3ms)
 GET /api/placeholder?title=%C3%93leo+80W90&subtitle=Transmiss%C3%A3o&price=R%24+48%2C90 200 in 11ms (next.js: 3ms, application-code: 8ms)
 GET /api/placeholder?title=Lubrificante&subtitle=Corrente&price=R%24+35%2C90 200 in 11ms (next.js: 3ms, application-code: 8ms)
 GET /produtos?category=pneus 200 in 66ms (next.js: 2ms, application-code: 64ms)
 GET /api/placeholder?title=Pneu+dianteiro&subtitle=90%2F90-18&price=R%24+199%2C90 200 in 13ms (next.js: 4ms, application-code: 9ms)
 GET /api/placeholder?title=Pneu+traseiro&subtitle=110%2F90-17&price=R%24+229%2C90 200 in 12ms (next.js: 4ms, application-code: 8ms)
 GET /api/placeholder?title=C%C3%A2mara+de+ar&subtitle=Aro+17&price=R%24+34%2C90 200 in 11ms (next.js: 1510µs, application-code: 9ms)
 GET /produtos?category=acessorios 200 in 33ms (next.js: 2ms, application-code: 31ms)
 GET /produtos?category=capacetes 200 in 37ms (next.js: 2ms, application-code: 34ms)
 GET /produtos?category=capacetes 200 in 728ms (next.js: 503ms, application-code: 225ms)
 GET /produtos/capacete-fechado-preto-fosco 200 in 3.8s (next.js: 3.5s, application-code: 216ms)
 GET /produtos/capacete-fechado-preto-fosco 200 in 130ms (next.js: 16ms, application-code: 115ms)
 GET /produtos/capacete-fechado-preto-fosco 200 in 577ms (next.js: 315ms, application-code: 261ms)
 GET /produtos/capacete-fechado-preto-fosco 200 in 623ms (next.js: 10ms, application-code: 612ms)
 GET /produtos/capacete-fechado-preto-fosco 200 in 187ms (next.js: 9ms, application-code: 178ms)
 GET /produtos/capacete-fechado-preto-fosco 200 in 487ms (next.js: 268ms, application-code: 218ms)
 GET /produtos/capacete-fechado-preto-fosco 200 in 355ms (next.js: 113ms, application-code: 243ms)
 GET /produtos/capacete-fechado-preto-fosco 200 in 405ms (next.js: 14ms, application-code: 391ms)
 GET /produtos/capacete-fechado-preto-fosco 200 in 357ms (next.js: 14ms, application-code: 343ms)
 GET / 200 in 3.9s (next.js: 3.6s, application-code: 303ms)
 GET /produtos 200 in 103ms (next.js: 20ms, application-code: 83ms)
 GET /produtos?category=acessorios 200 in 58ms (next.js: 4ms, application-code: 54ms)
 GET /produtos?category=pecas 200 in 51ms (next.js: 2ms, application-code: 48ms)
 GET /produtos?category=oleos-e-lubrificantes 200 in 37ms (next.js: 2ms, application-code: 35ms)
 GET /produtos?category=pneus 200 in 36ms (next.js: 2ms, application-code: 34ms)
 GET / 200 in 60ms (next.js: 1964µs, application-code: 59ms)
 GET / 200 in 321ms (next.js: 179ms, application-code: 141ms)
 GET / 200 in 148ms (next.js: 2ms, application-code: 145ms)
 GET / 200 in 189ms (next.js: 4ms, application-code: 185ms)
 GET / 200 in 98ms (next.js: 2ms, application-code: 95ms)
 GET / 200 in 101ms (next.js: 2ms, application-code: 98ms)
 GET / 200 in 167ms (next.js: 2ms, application-code: 164ms)
 GET / 200 in 384ms (next.js: 233ms, application-code: 151ms)
 GET / 200 in 227ms (next.js: 3ms, application-code: 223ms)
 GET / 200 in 225ms (next.js: 5ms, application-code: 220ms)
 GET / 200 in 173ms (next.js: 7ms, application-code: 166ms)
 GET / 200 in 101ms (next.js: 2ms, application-code: 98ms)
 GET / 200 in 749ms (next.js: 119ms, application-code: 630ms)
 GET / 200 in 536ms (next.js: 311ms, application-code: 225ms)
 GET / 200 in 282ms (next.js: 5ms, application-code: 277ms)
 GET / 200 in 166ms (next.js: 5ms, application-code: 161ms)
 GET / 200 in 520ms (next.js: 3ms, application-code: 518ms)
 GET / 200 in 183ms (next.js: 3ms, application-code: 180ms)
 GET / 200 in 215ms (next.js: 3ms, application-code: 212ms)
 GET / 200 in 833ms (next.js: 556ms, application-code: 277ms)
  Reload env: .env
 GET / 200 in 259ms (next.js: 4ms, application-code: 256ms)
 GET / 200 in 50s (next.js: 47s, application-code: 3.5s)
 GET / 200 in 1014ms (next.js: 866ms, application-code: 148ms)
 GET / 200 in 236ms (next.js: 4ms, application-code: 232ms)
 GET / 200 in 369ms (next.js: 211ms, application-code: 158ms)
 GET / 200 in 518ms (next.js: 6ms, application-code: 512ms)
 GET / 200 in 264ms (next.js: 6ms, application-code: 258ms)
 GET / 200 in 556ms (next.js: 6ms, application-code: 550ms)
 GET / 200 in 479ms (next.js: 4ms, application-code: 475ms)
 GET / 200 in 382ms (next.js: 6ms, application-code: 376ms)
 GET / 200 in 322ms (next.js: 4ms, application-code: 318ms)
 GET / 200 in 363ms (next.js: 9ms, application-code: 353ms)
 GET / 200 in 197ms (next.js: 3ms, application-code: 194ms)
 GET / 200 in 507ms (next.js: 5ms, application-code: 502ms)
 GET / 200 in 495ms (next.js: 5ms, application-code: 489ms)
 GET / 200 in 704ms (next.js: 44ms, application-code: 660ms)
 GET / 200 in 965ms (next.js: 716ms, application-code: 249ms)
 GET / 200 in 1309ms (next.js: 649ms, application-code: 660ms)
 GET / 200 in 382ms (next.js: 243ms, application-code: 139ms)
 GET / 200 in 367ms (next.js: 233ms, application-code: 134ms)
 GET / 200 in 1142ms (next.js: 532ms, application-code: 610ms)
 GET / 200 in 808ms (next.js: 315ms, application-code: 493ms)
 GET / 500 in 2.1s (next.js: 172ms, application-code: 1959ms)
 GET / 500 in 12ms (next.js: 2ms, application-code: 10ms)
 GET / 200 in 1305ms (next.js: 526ms, application-code: 779ms)
○ Compiling /_not-found ...
 GET / 404 in 15.4s (next.js: 14.7s, application-code: 714ms)
 GET / 404 in 278ms (next.js: 1706µs, application-code: 277ms)
 GET / 404 in 334ms (next.js: 2ms, application-code: 332ms)
○ Compiling / ...
 GET / 200 in 6.8s (next.js: 6.0s, application-code: 876ms)
 GET / 200 in 99ms (next.js: 3ms, application-code: 96ms)
 GET / 200 in 442ms (next.js: 2ms, application-code: 440ms)
 GET / 200 in 477ms (next.js: 5ms, application-code: 472ms)
 GET / 200 in 864ms (next.js: 228ms, application-code: 635ms)
 GET / 200 in 328ms (next.js: 207ms, application-code: 121ms)
 GET / 200 in 159ms (next.js: 4ms, application-code: 155ms)
 GET / 200 in 669ms (next.js: 578ms, application-code: 91ms)
 GET / 200 in 312ms (next.js: 37ms, application-code: 275ms)
 GET / 200 in 669ms (next.js: 370ms, application-code: 300ms)
 GET / 200 in 458ms (next.js: 206ms, application-code: 252ms)
 GET / 200 in 110ms (next.js: 4ms, application-code: 105ms)
 GET / 200 in 220ms (next.js: 59ms, application-code: 160ms)
  Reload env: .env
 GET / 200 in 100ms (next.js: 3ms, application-code: 97ms)
 GET / 200 in 11.5s (next.js: 10.9s, application-code: 640ms)
 GET / 200 in 278ms (next.js: 6ms, application-code: 272ms)
 GET / 200 in 132ms (next.js: 6ms, application-code: 126ms)
 GET / 200 in 92ms (next.js: 2ms, application-code: 90ms)
 GET / 200 in 225ms (next.js: 1854µs, application-code: 223ms)
 GET / 200 in 233ms (next.js: 2ms, application-code: 230ms)
 GET / 200 in 119ms (next.js: 2ms, application-code: 117ms)
 GET / 200 in 411ms (next.js: 267ms, application-code: 145ms)
 GET / 200 in 373ms (next.js: 2ms, application-code: 371ms)
 GET / 200 in 73ms (next.js: 3ms, application-code: 69ms)
 GET / 200 in 209ms (next.js: 3ms, application-code: 206ms)
 GET / 200 in 1881ms (next.js: 1257ms, application-code: 624ms)
 GET / 200 in 66ms (next.js: 4ms, application-code: 62ms)
 GET / 200 in 346ms (next.js: 134ms, application-code: 212ms)
 GET / 200 in 401ms (next.js: 3ms, application-code: 398ms)
 GET / 200 in 509ms (next.js: 169ms, application-code: 340ms)
 GET / 200 in 107ms (next.js: 3ms, application-code: 104ms)
 GET / 200 in 383ms (next.js: 235ms, application-code: 148ms)
 GET / 200 in 419ms (next.js: 3ms, application-code: 417ms)
 GET / 200 in 461ms (next.js: 250ms, application-code: 211ms)
 GET / 200 in 251ms (next.js: 2ms, application-code: 249ms)
 GET / 200 in 151ms (next.js: 2ms, application-code: 149ms)
 GET / 200 in 711ms (next.js: 243ms, application-code: 468ms)
 GET / 200 in 544ms (next.js: 209ms, application-code: 335ms)
 GET / 200 in 88ms (next.js: 3ms, application-code: 86ms)
 GET / 200 in 1042ms (next.js: 553ms, application-code: 489ms)
 GET / 200 in 984ms (next.js: 2ms, application-code: 982ms)
 GET / 200 in 379ms (next.js: 4ms, application-code: 375ms)
 GET / 200 in 493ms (next.js: 339ms, application-code: 153ms)
 GET / 200 in 385ms (next.js: 253ms, application-code: 132ms)
 GET / 200 in 295ms (next.js: 155ms, application-code: 141ms)
 GET / 200 in 335ms (next.js: 243ms, application-code: 91ms)
 GET / 200 in 362ms (next.js: 136ms, application-code: 226ms)
 GET / 200 in 346ms (next.js: 220ms, application-code: 126ms)
 GET / 200 in 327ms (next.js: 160ms, application-code: 166ms)
 GET / 200 in 1392ms (next.js: 1163ms, application-code: 229ms)
 GET / 200 in 347ms (next.js: 207ms, application-code: 140ms)
 GET / 200 in 985ms (next.js: 516ms, application-code: 470ms)
 GET / 200 in 127ms (next.js: 4ms, application-code: 123ms)
 GET / 200 in 882ms (next.js: 550ms, application-code: 333ms)
 GET / 200 in 416ms (next.js: 193ms, application-code: 222ms)
 GET / 200 in 663ms (next.js: 2ms, application-code: 661ms)
 GET / 500 in 1607ms (next.js: 81ms, application-code: 1525ms)
 GET / 500 in 240ms (next.js: 6ms, application-code: 234ms)
 GET / 500 in 62ms (next.js: 7ms, application-code: 55ms)
 GET / 500 in 86ms (next.js: 4ms, application-code: 82ms)
 GET / 200 in 1466ms (next.js: 1016ms, application-code: 450ms)
 GET / 200 in 145ms (next.js: 1618µs, application-code: 143ms)
 GET / 200 in 489ms (next.js: 301ms, application-code: 188ms)
 GET / 200 in 689ms (next.js: 10ms, application-code: 679ms)
 GET / 200 in 124ms (next.js: 3ms, application-code: 121ms)
 GET / 200 in 514ms (next.js: 200ms, application-code: 314ms)
 GET / 200 in 246ms (next.js: 135ms, application-code: 111ms)
 GET / 404 in 322ms (next.js: 3ms, application-code: 319ms)
 GET / 404 in 14.4s (next.js: 13.8s, application-code: 550ms)
 GET / 404 in 439ms (next.js: 1622µs, application-code: 437ms)
 GET / 404 in 103ms (next.js: 3ms, application-code: 100ms)
 GET / 200 in 4.7s (next.js: 3.4s, application-code: 1273ms)
 GET / 200 in 596ms (next.js: 347ms, application-code: 250ms)
 GET / 200 in 548ms (next.js: 4ms, application-code: 544ms)
 GET / 200 in 302ms (next.js: 3ms, application-code: 299ms)
 GET / 200 in 162ms (next.js: 2ms, application-code: 160ms)
 GET / 200 in 298ms (next.js: 4ms, application-code: 294ms)
 GET / 200 in 282ms (next.js: 3ms, application-code: 279ms)
 GET / 200 in 273ms (next.js: 4ms, application-code: 270ms)
 GET / 200 in 386ms (next.js: 4ms, application-code: 382ms)
 GET / 200 in 366ms (next.js: 199ms, application-code: 167ms)
 GET / 200 in 359ms (next.js: 3ms, application-code: 356ms)
 GET / 200 in 285ms (next.js: 3ms, application-code: 282ms)
 GET / 200 in 368ms (next.js: 4ms, application-code: 364ms)
 GET / 200 in 425ms (next.js: 5ms, application-code: 421ms)
 GET / 200 in 310ms (next.js: 4ms, application-code: 307ms)
 GET / 200 in 326ms (next.js: 4ms, application-code: 322ms)
 GET / 200 in 207ms (next.js: 3ms, application-code: 204ms)
 GET / 200 in 456ms (next.js: 281ms, application-code: 175ms)
 GET /produtos 200 in 896ms (next.js: 758ms, application-code: 137ms)
 GET /produtos 200 in 53ms (next.js: 4ms, application-code: 49ms)
 GET /produtos 200 in 34ms (next.js: 2ms, application-code: 31ms)
 GET /loja 200 in 2.8s (next.js: 2.7s, application-code: 98ms)
 GET /loja 200 in 113ms (next.js: 4ms, application-code: 109ms)
 GET /loja 200 in 54ms (next.js: 4ms, application-code: 49ms)
○ Compiling /conta ...
 GET /conta 200 in 3.8s (next.js: 3.6s, application-code: 232ms)
 GET /conta 200 in 102ms (next.js: 3ms, application-code: 99ms)
○ Compiling /api/me ...
 GET /api/me 200 in 4.5s (next.js: 4.5s, application-code: 43ms)
 GET /produtos 200 in 387ms (next.js: 102ms, application-code: 285ms)
 GET /produtos 200 in 33ms (next.js: 2ms, application-code: 31ms)
 GET / 200 in 96ms (next.js: 23ms, application-code: 72ms)
 GET / 200 in 705ms (next.js: 512ms, application-code: 192ms)
 GET / 200 in 477ms (next.js: 5ms, application-code: 471ms)
 GET /loja 200 in 49ms (next.js: 11ms, application-code: 38ms)
 GET /conta 200 in 1945ms (next.js: 1858ms, application-code: 87ms)
 GET /conta 200 in 117ms (next.js: 5ms, application-code: 112ms)
 GET /api/me 200 in 915ms (next.js: 897ms, application-code: 18ms)
 GET /conta 200 in 428ms (next.js: 329ms, application-code: 99ms)
 GET /conta 200 in 157ms (next.js: 4ms, application-code: 153ms)
 GET /conta 200 in 546ms (next.js: 368ms, application-code: 178ms)
 GET /conta 200 in 109ms (next.js: 5ms, application-code: 104ms)
 GET /conta 200 in 146ms (next.js: 5ms, application-code: 141ms)
 GET /conta 200 in 108ms (next.js: 5ms, application-code: 103ms)
 GET /conta 200 in 199ms (next.js: 76ms, application-code: 124ms)
 GET /conta 200 in 389ms (next.js: 11ms, application-code: 379ms)
 GET /conta 200 in 123ms (next.js: 3ms, application-code: 119ms)
 GET /conta 200 in 663ms (next.js: 3ms, application-code: 660ms)
 GET /conta 200 in 1126ms (next.js: 843ms, application-code: 283ms)
 GET /conta 200 in 218ms (next.js: 4ms, application-code: 215ms)
 GET /conta 200 in 413ms (next.js: 234ms, application-code: 179ms)
 GET /conta 200 in 217ms (next.js: 4ms, application-code: 213ms)
 GET /conta 200 in 621ms (next.js: 456ms, application-code: 165ms)
 GET /conta 200 in 411ms (next.js: 4ms, application-code: 407ms)
 GET /conta 200 in 607ms (next.js: 259ms, application-code: 348ms)
 GET /conta 200 in 226ms (next.js: 4ms, application-code: 222ms)
 GET /conta 200 in 350ms (next.js: 199ms, application-code: 152ms)
 GET /conta 200 in 5.7s (next.js: 4ms, application-code: 5.7s)
 GET /conta 200 in 1279ms (next.js: 995ms, application-code: 284ms)
 GET /conta 200 in 150ms (next.js: 41ms, application-code: 109ms)
 GET /conta 200 in 298ms (next.js: 164ms, application-code: 133ms)
 GET /conta 200 in 1592ms (next.js: 2ms, application-code: 1590ms)
○ Compiling /api/me ...
 GET /api/me 200 in 15.8s (next.js: 15.7s, application-code: 124ms)
 GET /conta 200 in 1844ms (next.js: 1119ms, application-code: 725ms)
 GET /produtos 200 in 3.2s (next.js: 1252ms, application-code: 1941ms)
 GET /produtos 200 in 1839ms (next.js: 6ms, application-code: 1833ms)
 GET /produtos 200 in 38ms (next.js: 3ms, application-code: 35ms)
 GET /produtos 200 in 12ms (next.js: 2ms, application-code: 9ms)
 GET /produtos 200 in 36ms (next.js: 2ms, application-code: 33ms)
 GET /produtos 200 in 19ms (next.js: 4ms, application-code: 16ms)
 GET /produtos 200 in 272ms (next.js: 3ms, application-code: 268ms)
 GET /produtos 200 in 17ms (next.js: 4ms, application-code: 14ms)
 GET /produtos 200 in 108ms (next.js: 6ms, application-code: 102ms)
 GET /produtos 200 in 755ms (next.js: 2ms, application-code: 752ms)
 GET /produtos 200 in 186ms (next.js: 4ms, application-code: 182ms)
 GET / 200 in 849ms (next.js: 788ms, application-code: 61ms)
 GET / 200 in 95ms (next.js: 4ms, application-code: 91ms)
 GET /loja 200 in 393ms (next.js: 359ms, application-code: 34ms)
 GET / 200 in 89ms (next.js: 4ms, application-code: 85ms)
 GET /loja 200 in 348ms (next.js: 1800µs, application-code: 346ms)
 GET / 200 in 43ms (next.js: 1922µs, application-code: 41ms)
○ Compiling /carrinho ...
 GET /carrinho 200 in 7.9s (next.js: 7.9s, application-code: 78ms)
 GET /carrinho 200 in 69ms (next.js: 1759µs, application-code: 67ms)
 GET / 200 in 234ms (next.js: 15ms, application-code: 219ms)
 GET / 200 in 877ms (next.js: 579ms, application-code: 298ms)
 GET / 200 in 347ms (next.js: 5ms, application-code: 342ms)
 GET /loja 200 in 40ms (next.js: 10ms, application-code: 30ms)
 GET / 200 in 35ms (next.js: 1743µs, application-code: 33ms)
 GET / 200 in 1051ms (next.js: 845ms, application-code: 206ms)
 GET / 200 in 787ms (next.js: 587ms, application-code: 200ms)
 GET / 200 in 605ms (next.js: 173ms, application-code: 432ms)
 GET / 200 in 181ms (next.js: 4ms, application-code: 178ms)
 GET / 200 in 2.2s (next.js: 2.0s, application-code: 154ms)
 GET / 200 in 738ms (next.js: 439ms, application-code: 299ms)
 GET / 200 in 838ms (next.js: 3ms, application-code: 835ms)
 GET / 200 in 409ms (next.js: 5ms, application-code: 405ms)
 GET / 200 in 691ms (next.js: 389ms, application-code: 302ms)
 GET / 200 in 714ms (next.js: 413ms, application-code: 302ms)
 GET / 500 in 1928ms (next.js: 263ms, application-code: 1664ms)
 GET / 500 in 96ms (next.js: 4ms, application-code: 91ms)
 GET / 500 in 2.3s (next.js: 2.1s, application-code: 137ms)
 GET / 500 in 19ms (next.js: 4ms, application-code: 15ms)
 GET / 500 in 3.1s (next.js: 3.0s, application-code: 65ms)
 GET / 500 in 23ms (next.js: 4ms, application-code: 19ms)
 GET / 500 in 12.3s (next.js: 12.3s, application-code: 27ms)
 GET / 500 in 20ms (next.js: 3ms, application-code: 17ms)
 GET / 500 in 9.2s
 GET / 500 in 11.2s
 GET / 500 in 6.4s (next.js: 174ms, application-code: 6.3s)
 GET / 500 in 792ms (next.js: 599ms, application-code: 193ms)
 GET / 500 in 244ms (next.js: 4ms, application-code: 240ms)
 GET / 500 in 22.3s (next.js: 16.6s, application-code: 5.7s)
 GET / 500 in 70ms (next.js: 3ms, application-code: 67ms)
 GET / 200 in 32.5s (next.js: 9.9s, application-code: 22.6s)
 GET / 200 in 2.3s (next.js: 1497ms, application-code: 811ms)
 GET / 500 in 2.9s (next.js: 2.1s, application-code: 746ms)
 GET / 500 in 2.9s (next.js: 2.1s, application-code: 747ms)
 GET / 500 in 649ms (next.js: 620ms, application-code: 28ms)
 GET / 500 in 649ms (next.js: 620ms, application-code: 29ms)
 GET / 500 in 124ms (next.js: 106ms, application-code: 18ms)
 GET / 500 in 124ms (next.js: 106ms, application-code: 18ms)
 GET / 500 in 169ms (next.js: 134ms, application-code: 35ms)
 GET / 500 in 170ms (next.js: 134ms, application-code: 36ms)
 GET / 500 in 171ms (next.js: 149ms, application-code: 22ms)
 GET / 500 in 171ms (next.js: 149ms, application-code: 22ms)
 GET / 500 in 192ms (next.js: 169ms, application-code: 24ms)
 GET / 500 in 193ms (next.js: 169ms, application-code: 24ms)
